{
  "packages/core/src/math.ts": {
    "path": "packages/core/src/math.ts",
    "statementMap": {
      "0": {},
      "1": {},
      "2": {},
      "3": {}
    },
    "s": { "0": 3, "1": 2, "2": 1, "3": 4 },
    "branchMap": {},
    "b": {}
  },
  "packages/core/src/untested.ts": {
    "path": "packages/core/src/untested.ts",
    "statementMap": {
      "0": {},
      "1": {},
      "2": {},
      "3": {}
    },
    "s": { "0": 0, "1": 0, "2": 0, "3": 0 },
    "branchMap": {},
    "b": {}
  }
}
